jg summit holdings, inc.’s consolidated core net income after taxes (excluding non- operating and nonrecurring items) amounted to p=22.40 billion in 2018, a 24.2% decline from p=29.56 billion in 2017, mainly due to lower net income of our airline and petrochemical businesses which were significantly affected by the rise in fuel prices and input costs. the group’s consolidated net income from equity holders of the parent likewise declined 34.7% from p=29.37 billion in 2017 to p=19.19 billion in 2018 resulted from weaker philippine peso against the us dollar, higher financing costs and market valuation losses on our financial assets. consolidated ebitda reached p=65.83 billion in 2018 from p=70.67 billion in 2017.
consolidated revenues grew 6.8% from p=273.45 billion in 2017 to p=291.92 billion in 2018 due to the performance of the following core subsidiaries:
urc’s total revenues increased by 2.2% from p125.01 billion in 2017 to p127.77 billion in 2018 driven by the 27.6% growth in feeds business and 14.8% total increase in sugar and renewables businesses.
ceb’s total revenues went up by 8.9% from p=68.03 billion in 2017 to p=74.11 billion in 2018 mainly due to 5.8% increase in average fares coupled by the 2.7% growth in passenger volume.
jg petrochemicals group revenues increased by 2.3% from p=41.41 billion in 2017 to p=42.35 billion in 2018 driven by higher average selling price of polymers and cracker products, offset by lower sales volumes of polymers and pygas.
rlc’s total revenues increased by 31.3% from p=22.45 billion in 2017 to p=29.47 billion in 2018 due to growth in rental income and increase in realized revenues from residential division.
the banking revenue increased 37.0% from p4.48 billion in 2017 to p6.13 billion this year mainly due to increase in interest income recognized from finance receivables.
revenues from our core investments declined by 15.4% as the dividend income received by the group decreased from p=1.45 billion last year to p=1.23 billion this year due to the lower dividends declared by pldt (p=76 per share in 2017 to p=64 per share in 2018). equity in net earnings of associates, primarily from our investments in uic/singapore land, meralco and gbpc, increased by 2.8% from p=9.91 billion in 2017 to p=10.18 billion in 2018, mainly due to the group’s additional 2.4% stake in meralco acquired in june 2017, partially offset by the decline in equity earnings from uic.
consolidated cost of sales and services in 2018 increased by 12.8% from p=171.55 billion last year to p=193.59 billion this year due to higher input costs of all core businesses.
the group’s operating expenses increased by 5.8% from p=50.16 billion last year to p=53.06 billion this year due to higher selling, general and administrative expenses, particularly from the airline businesses.. as a result, consolidated operating income or ebit amounted to p=45.26 billion in 2018 from p=51.73 billion in 2017.
the group’s financing costs and other charges, net of interest income, increased by 19.7% to p=7.89 billion this year from last year’s p=6.59 billion due to higher level of financial debt of the parent company and airline business, as well as net increase in trust receipts of the petrochemicals business.
market valuation loss recognized from financial assets and derivative instruments amounted to p=1.02 billion, a turnaround from a p=541.18 million gain in 2017 primarily due to decline in market values of the group’s equity investments coupled by the mark-to-market valuation losses on fuel hedging transactions of the airline business.
the group recognized a net foreign exchange loss of p=2.85 billion in 2018 from only p=902.72 million in 2017 due to the depreciation of philippine peso against the us dollar from p=49.93 as of december 31, 2017 to p=52.58 as of december 31, 2018.
other income (expense) - net account, which represents miscellaneous income and expenses, amounted to a loss of p=459.47 million from p=241.87 million gain last year mainly due to this year’s net loss on sale of ceb’s aircraft as compared to last year’s net gain on sale of aircrafts.

foods generated a consolidated sale of goods and services of p127.77 billion for the year ended december 31, 2018, a 2.2% growth over last year. excluding pfrs 15 impact, net sales grew by 3.6%. sale of goods and services performance by business segment follows: (1) urc’s branded consumer foods (bcf) segment, excluding packaging division, slightly decreased 0.8%, to p=101.01 billion in 2018 from p=101.82 billion registered in 2017. bcf domestic operations’ net sales declined from p=58.95 billion in 2017 to p=57.81 billion in 2018 due to lower volumes and unfavorable mix in the coffee category that slowed down the sustained growth performance in snacks and noodles, and recovery of rtd beverages. bcf international sales increased by 0.8% to p=43.20 billion in 2018 against p=42.87 billion in 2017 driven by continuous recovery in vietnam and sustained momentum in australia. vietnam is still on track on its path to recovery as sales continue to grow from its drive to recover numeric distribution, as well as from additional sales from new products such as milk tea. australia maintained its growth attributed to a very strong sales of both branded and private labels. (2) agro-industrial segment (aig) amounted to p=11.69 billion in 2018, a 15.7% increase from p=10.11 billion recorded in 2017. feeds business grew by 27.6% due to higher sales volume and improved selling prices across all feed categories. farms business also grew by 2.2% due to favorable sales mix and better average selling prices of hogs, slightly offset by lower sales of poultry products due to decline in production of day-old pullets. (3) sale of goods and services in commodity foods segment amounted to p=13.54 billion in 2018, up by 14.7% from p=11.80 billion reported in 2017. sugar and renewables businesses grew by 15.8% and 12.3%, respectively, on the account of higher volume and selling prices of raw sugar and molasses. flour business also posted higher sales by 14.5% due to higher volume.
urc’s cost of sales consists primarily of raw and packaging materials costs, manufacturing costs and direct labor costs. cost of sales increased by 5.4%, to p=90.33 billion in 2018 from p=85.69 billion recorded in 2017 due to higher sales and higher costs of commodities and other raw and packaging materials.
urc’s gross profit for 2018 amounted to p=37.44 billion from p=39.31 billion reported in 2017. gross profit margin decreased by 215 basis points from 31.4% in 2017 to 29.3% in 2018. urc’s selling and distribution costs, and general and administrative expenses consist primarily of compensation benefits, advertising and promotion costs, freight and other selling expenses, depreciation, repairs and maintenance expenses and other administrative expenses. selling and distribution costs, and general and administrative expenses slightly declined by 1.3% to p=24.06 billion in 2018 from p=24.36 billion registered in 2017 primarily due to decline in freight and delivery costs as a result of distribution restructuring in myanmar and cambodia. as a result, urc’s operating income (ebit) decreased by 10.5% to p=13.38 billion in 2018 from p=14.95 billion reported in 2017.
urc’s finance costs increased by 16.4%, to p=1.66 billion in 2018 from p=1.43 billion recorded in 2017 due to higher level of trust receipts payable and short-term debt, coupled with higher interest rates.
urc’s finance revenue consists of interest income from investments in financial instruments, money market placements, savings and dollar deposits and dividend income from investment in equity securities. finance revenue increased to p=359.28 million in 2018 from p=225.58 million in 2017 due to higher level of financial assets during the year.
equity in net losses of joint ventures decreased to p=132.41 million in 2018 from the p=280.53 million in 2017 due to lower net losses of domestic joint ventures coupled with the higher net income of proper snacks in new zealand.
net foreign exchange loss amounted to p=174.66 million in 2018 from p=154.19 million gain reported in 2017 due to the combined effects of appreciation of international subsidiaries’ local currencies against us dollar, particularly nzd, and depreciation of philippine peso against us dollar.
market valuation loss on financial instruments at fair value through profit or loss amounted to p=35.42 million in 2018 from p=71.02 million gain reported in 2017 due to decrease in market values of equity investments.
impairment losses increased to p=45.00 million in 2018 from p=21.42 million in 2017 due to this year’s impairment of goodwill of advanson.
other income (expenses) - net consists of gain (loss) on sale of fixed assets, amortization of bond issue costs, rental income, and miscellaneous income and expenses. other expense- net amounted to p=145.82 million in 2018 while other income - net of p=276.74 million was reported in 2017 due to last year’s higher gain on sale of fixed assets.
urc recognized provision for income tax of p=2.08 billion in 2018, a 25.6% decrease from p=2.80 billion in 2017 due to lower taxable income and recognition of lower deferred tax liabilities.
urc’s core earnings before tax (operating profit after equity earnings, net finance costs and other expenses - net) for 2018 amounted to p=11.80 billion, a decline of 13.6% from p=13.66 billion recorded in 2017.
net income attributable to equity holders of the parent decreased by 15.5% to p=9.20 billion in 2018 from p=10.89 billion in 2017 as a result of the factors discussed above.
urc reported an ebitda (operating income plus depreciation and amortization) of p=19.75 billion for 2018, 6.2% lower than the p=21.06 billion posted in 2017.
real estate and hotels generated total gross revenues of p=29.47 billion in 2018, an increase of 31.3% from p=22.45 billion in 2017. ebit grew 38.8% to p=11.88 billion while ebitda posted a 30.9% growth to p=16.34 billion. net income attributable to equity holders of the parent stood at p=8.22 billion, up by 39.7% compared to last year.
the commercial centers division accounted for p=11.94 billion of the real estate revenues for the year versus p=10.79 billion last year or a 10.7% increase. rental revenues increased due to strong same malls growth at 7%, contribution of four malls and two expansions opened in 2017 located in naga, iligan, north tacloban, antique and butuan, and contribution of four new malls opened in 2018 namely robinsons place ormoc, robinsons place pavia, robinsons place tuguegarao and robinsons place valencia. cinema revenues increased due to more blockbuster films released this year than last year and the operation of new cinemas in new malls. apart from the mall openings, commercial centers launched playlab in robinsons galleria ortigas and robinsons galleria cebu and aqua fun in robinsons pavia. playlab and aquafun are the country’s first digital and water playgrounds located within the mall premises. the division’s ebit and ebitda grew by 6% and 9%, respectively.
revenues of office buildings division grew by 31.4% to p=4.29 billion from p=3.27 billion over the same period last year. revenue growth was mainly attributable to growth in rental escalation and high renewal rates as well as contribution from the completed offices in 2017 and 2018 namely cyber sigma, cybergate delta, cybergate naga and exxa tower. the division’s ebit and ebitda showed positive variances of 33% and 28%, respectively.
the residential division realized revenues is at p=8.69 billion this year versus p=6.55 billion last year, an increase of 32.6%, due to higher level of buyers meeting the equity requirement in recognizing sales based on percentage of construction completion. both ebit and ebitda increased by 21%.
the hotels division, a major contributor to rlc’s recurring revenues, registered gross revenues of p=1.98 billion as against last year’s p=1.89 billion. the 4.7% increase in hotel revenues principally came from the new hotels, summit hotel tacloban and go hotels iligan. the hotel average occupancy rate is 62% in 2018. hotels division ebit and ebitda declined by 22% and 7%, respectively, as the division continues to redevelop some of the existing hotels and a much accelerated pre-operating expenses on hotels to be opened in 2019 and higher overhead expense in the head office.

the iid division accounted for p=2.64 billion revenues, with 95% attributed to the sale of the commercial lots and the remainder 5% is the revenue generated from the warehouse business. further gains will be realized from the selling of lots with joint ventures.
interest income increased to p=196.29 million from p=36.81 million last year due to higher average balance of cash and cash equivalents during the calendar year 2018.
real estate costs went up by 30.6% to p=12.11 billion from p=9.28 billion last year. the higher level of realized sales of residential units brought cost of real estate sales to increase by p=1.79 billion or 57%. the opening of new malls raised the level of depreciation expense of commercial centers division by 13% while opening of new office buildings increased depreciation expense of the office buildings division by 10%. furthermore, cinema expense rose by 10% or p=85.18 million as a result of increase in cinema revenues.
hotel expenses rose by 15.3% to p=1.56 billion due substantially to higher level of property and maintenance cost, depreciation, salaries and wages, contracted services, which were all due to higher level of operations brought about by higher room revenues and pre-operating expenses on hotels to be opened in 2019.
general and administrative expenses went up by 20.1% to p=4.00 billion due to higher commission, rent, advertising and promotions and salaries, among others.
gain or loss from foreign exchange mainly pertains to foreign currency denominated transactions of rlc’s foreign subsidiary.
air transportation generated gross revenues of p=74.11 billion for the year ended december 31, 2018, 8.9% higher than the p=68.03 billion revenues earned last year mainly attributed to the increase in passenger revenues by 8.7% to p=54.26 billion for the year ended december31,2018fromp=49.93billionpostedin2017. thisincreasewaslargely attributable to the 5.8% increase in average fares to p=2,676 in 2018 from p=2,529 in 2017. the growth in passenger volume by 2.7% to 20.3 million from 19.7 million last year also contributed to the increase in revenues. cargo revenues grew 19.3% to p=5.49 billion for the year ended december 31, 2018 from p=4.60 billion in the same period last year following the increase in the cargo volume and yield in 2018. ancillary revenues went up by 6.4% to p=14.36 billion for the year ended december 31, 2018 from p=13.49 billion posted last year consequent to the 2.7% increase in passenger traffic and 3.6% increase in ancillary revenue per passenger. this was driven by improved online bookings and pricing adjustments on certain ancillary products and services.
operating expenses for the year ended december 31, 2018 increased by 15.8% to p=67.06 billion from p=57.90 billion last year mostly due to the rise in fuel prices in 2018 coupled with the weakening of the philippine peso against the u.s. dollar. the average published fuel mops price increased from u.s. $84.79 per barrel in 2018 from u.s. $65.31 per barrel in 2017. as a result, ceb finished with an operating income (ebit) of p=7.05 billion in 2018, 30.4% lower than the p=10.13 billion earned in 2017. ebitdar amounted to p=22.29 billion from p=22.82 billion last year.
ceb recognized higer interest income by 119.5% from p182.95 million last year to p401.62 million this year due to the increase in the balance of cash in bank and short-term placements year on year and higher interest rates in short term placements.

ceb incurred a hedging loss of p=322.58 million for the year ended december 31, 2018, an increase by p=190.01 million from a hedging loss of p=132.57 million incurred last year as a result of lower mark-to-market valuation on fuel hedging positions in 2018. net foreign exchange losses of p=1.63 billion for the year ended december 31, 2018 resulted from the weakening of the philippine peso against the u.s. dollar. ceb’s major exposure to foreign exchange rate fluctuations is in respect to u.s. dollar denominated long-term debt incurred in connection with aircraft acquisitions.
equity in net income of joint venture amounted to p=136.26 million in 2018 attributable to the net income from current operations earned by the joint ventures in 2018.
interest expense increased by 47.9% to p=2.10 billion for the year ended december 31, 2018 from p=1.42 billion in 2017 due to the additional loans availed to finance the acquisition of additional aircraft delivered in 2018.
in 2018, ceb entered into a lease amendment agreement with jpa no. 117/118/119 co., ltd., which transferred economic ownership of three airbus a320 aircraft to the counterparty and resulted in a gain of p=110.19 million. ceb also sold and delivered one airbus a319 aircraft to a subsidiary of allegiant travel company (allegiant) which resulted to a loss of p=156.65 million. in 2017, ceb sold and delivered three airbus a319 aircraft to a subsidiary of allegiant travel company (allegiant) and entered into lease amendment agreements which transferred economic ownership of six airbus a320 aircraft to the counterparty which resulted to a gain of p=102.57 million.
as a result of the foregoing, net income for the year ended december 31, 2018 decreased by 50.4% to p=3.92 billion from p=7.91 billion last year.
petrochemicals (consist of jgspc and jgsoc) combined gross revenues reached p=42.35 billion in 2018, a slight increase of 2.3% from last year’s p=41.41 billion as higher selling prices of most products were offset by lower volumes of polymers (from 503,572 mt in 2017 to 398,070 mt in 2018) and pygas (from 250,178 mt in 2017 to 218,484 mt in 2018).. costs and expenses also increased by 17.1% from p=36.08 billion in 2017 to p=42.25 billion in 2018 due to higher naphtha cost. interest expense increased by 84.5% to p=311.61 million in 2018 from p=109.51 million in 2017 due to the p=18.60 billion net increase in trust receipts. a net foreign exchange gain of p=16.88 million was also recognized in 2018 from last year’s gain of p=61.90 million. all these factors contributed to the net income of p=1.05 billion in 2018 from p=5.99 billion in 2017.
banking services, generated banking revenue of p=6.13 billion in 2018, a 37.0% increase from last year’s p=4.48 billion brought about by higher interest income from finance receivables. costs and expenses also increased by 37.5% as the bank continued its expansion, including higher interest expense on deposits from p=1.13 billion in 2017 to p=2.19 billion in 2018. as a result, net income for the year ended december 31, 2018 amounted to p=317.68 million, a 3.4% increase from last year’s p=307.21 million.
equity in net earnings of associate companies and joint ventures amounted to p=10.18 billion for the year ended december 31, 2018, a 2.8% increase from last year’s p=9.91 billion mainly attributable to the 17.6% increase in equity earnings from meralco from p=5.60 billion last year to p=6.59 billion this year as a result of higher sales volume and the additional 2.4% equity share acquired in june 2017, partially offset by the decline in equity in net earnings from united industrial corporation, limited (uic). uicl recorded an 18.1% decline in its net income from operations from s$305.98 million in 2017 to s$250.62 million in 2018 due to lower sales of trading properties as uic’s development projects were completed and substantially sold in 2017. since the group’s policy for the valuation of property, plant and equipment is the cost basis method, the equity income taken up by the group represents the adjusted amounts after reversal of the effect in the income statement of the revaluation of the said assets.

cash and cash equivalents decreased to p=49.19 billion as of december 31, 2018, from p=54.34 billion as of december 31, 2017. cash provided by operating activities amounted to p=56.64 billion. as of december 31, 2018, net cash used in investing activities amounted to p=86.03 billion mainly for the group’s capital expenditure program. the group’s net cash provided by financing activities amounted to p=24.25 billion mainly due to the group’s additional loan availments during the year, and the net proceeds from stock rights offering of rlc. our financial assets, including those held at fair value through profit and loss (fvtpl) (excluding derivative assets), fair value though other comprehensive income (fvoci), and investment securities at amortized cost amounted to p=59.62 billion, a 2.2% decrease from p=60.95 billion as of december 31, 2017 due to lower market valuation during the year.
receivables, including noncurrent portion increased by 3.6% from p=90.26 billion as of december 31, 2017 to p=93.53 billion as of december 31, 2018 mainly due to the significant increase in finance receivables of the banking business.
inventories increased 15.9% from p=54.76 billion as of december 31, 2017 to p=63.47 billion as of december 31, 2018 due to higher level of finished goods of the food and petrochemicals businesses, as well as increase in subdivision land, condominium and residential units for sale of the real estate business.
biological assets, including noncurrent portion, decreased by 34.0% due to decline in headcount and market prices of hogs.
other current assets increased from p=12.85 billion as of december 31, 2017 to p=29.65 billion as of december 31, 2018 mainly coming from rlc’s recognition of contract assets in accordance with pfrs 15 as well as deposits received from buyers of cheng du xin yao.
investment properties increased 7.8% from p=87.02 billion as of december 31, 2017 to p=93.82 billion as of december 31, 2018 primarily due to acquisition of several land properties both for residential and commercial development, and ongoing constructions of the real estate business during the year.
property, plant and equipment increased 20.2% from p=181.66 billion as of december 31, 2017 to p=218.27 billion due to the acquisition of four atr 72-600 and seven airbus a321 ceo aircraft, offset by the sale of one airbus a319 of the airline business, as well as expansion projects of the petrochemicals business.
other noncurrent assets went up by 81.7% from p=10.87 billion as of december 31, 2017 to p=19.74 billion as of december 31, 2018 due to the ceb’s prepayments for airbus a330 life limited engine parts, power by the hour changes and engine overhaul, and increase in rlc's advances to lot owners and advances to suppliers and contractors for ongoing projects
consolidated total assets reached p=819.29 billion as of end of december 2018.
accounts payable and accrued expenses increased by 16.5% from p=113.88 billion as of december 31, 2017 to p=132.66 billion as of december 31, 2018 due to higher level of trade payables of the airline and food businesses, and deposit liabilities and bills payable of the banking business.
short term debt decreased 22.7% to p=34.45 billion as of december 31, 2018 from p=45.88 billion as of december 31, 2017 due to full settlement of short-term loans of the parent company and rlc.
derivative liabilities, including noncurrent portion, which amounted to p=763.32 million as of december 31, 2018 pertain mainly to ceb’s fuel derivative contracts.
other current liabilities increased 104.4% to p=27.98 billion as of december 31, 2018 due to the current portion of rlc’s contract liabilities to real estate customers, and ceb’s higher unearned transportation revenue on sale of passenger travel services.
long-term debt, including current portion, increased 15.7% from p=181.69 billion as of december 31, 2017 to p=210.25 billion as of december 31, 2018 due to additional term loans availed by the parent company and ceb during the period.
deferred tax liabilities amounted to p=7.88 billion as of december 31, 2018, a 9.3% increase from p=7.21 billion as of december 31, 2017 due to higher deferred tax liabilities of rlc.
other noncurrent liabilities increased to p=35.05 billion as of december 31, 2018 from p=28.91 billion as of december 31, 2017 due to ceb’s higher provision for asset retirement obligation, rlc’s noncurrent contract liabilities to real estate customers, and rbc’s higher deposit liabilities.
stockholders’ equity, excluding minority interest, stood at p=276.59 billion as of december 31, 2018 from p=267.84 billion last year.
book value per share amounted to p=38.61 as of december 31, 2018 from p=37.13 (as restated) as of december 31, 2017.

